2026-05-29 09:00:00 [INFO] System boot process initiated.
2026-05-29 09:00:05 [INFO] Core systems and kernel modules loaded successfully.
2026-05-29 09:00:10 [INFO] Network interface eth0 up with IP 192.168.1.50.
2026-05-29 09:01:15 [DEBUG] Checking database replica replication status...
2026-05-29 09:01:20 [INFO] Database connection established successfully on replica master.
2026-05-29 09:02:00 [INFO] User admin initiated login process from remote IP 192.168.1.100.
2026-05-29 09:02:05 [INFO] User admin logged in successfully. Session SESS827361 created.
2026-05-29 09:03:10 [DEBUG] Refreshing token cache maps...
2026-05-29 09:05:00 [WARNING] Disk space usage is high: 88% capacity reached on partition /dev/sda1.
2026-05-29 09:05:30 [INFO] Cache cleanup daemon started background garbage collection.
2026-05-29 09:06:00 [INFO] Cache cleanup completed. Freed 142MB of temporary cache objects.
2026-05-29 09:10:15 [CRITICAL] Internal power supply temperature exceeds safe threshold: 78C.
This is an invalid malformed log line that does not match the regex pattern at all.
2026-05-29 09:12:45 [WARNING] Failed login attempt for user guest from remote IP 192.168.1.105.
2026-05-29 09:13:00 [WARNING] Failed login attempt for user guest from remote IP 192.168.1.105.
2026-05-29 09:13:15 [ERROR] Login attempts limit exceeded for user guest. Account locked automatically.
2026-05-29 09:14:00 [INVALID_LEVEL] This log line has an invalid level not present in VALID_LEVELS.
2026-05-29 09:15:30 [INFO] Service web_server started listening on port 8080 successfully.
2026-05-29 09:17:12 [DEBUG] Port forwarding set up completed on port 8080.
2026-05-29 09:20:00 [ERROR] Database write transaction timed out. Transaction ID: TX_88192.
2026-05-29 09:21:40 [INFO] Automatic database query optimization index scan initiated.
2026-05-29 09:22:15 [ERROR] Failed to query database replica. Falling back to primary master instance.
2026-05-29 09:23:05 [WARNING] Replication lag detected: replica is 12 seconds behind master.
2026-05-29 09:25:00 [INFO] Backup service executed successfully. Archive saved as backup_20260529.zip.
2026-05-29 09:27:14 [DEBUG] Starting index cleanups on table billing_details...
2026-05-29 09:28:40 [INFO] API Gateway route configured successfully: /api/v1/billing -> port 8081.
2026-05-29 09:29:10 [INFO] User supervisor checked billing endpoint from IP 192.168.1.200.
2026-05-29 09:30:15 [WARNING] API Gateway response latency spike detected: average 450ms.
Another completely malformed line with no timestamp structure whatsoever.
2026-05-29 09:32:00 [INFO] Automated hourly system health diagnostics passed successfully.