2026-06-23 09:00:12 INFO Application Started
2026-06-23 09:01:05 INFO Configuration Loaded
2026-06-23 09:02:14 WARNING Disk Usage Reached 80%
2026-06-23 09:03:22 INFO Database Connection Established
2026-06-23 09:04:11 ERROR Failed To Load User Profile
2026-06-23 09:05:07 INFO Retry Process Started
2026-06-23 09:06:31 WARNING High Memory Consumption
2026-06-23 09:07:40 INFO User Authentication Successful
2026-06-23 09:08:52 ERROR API Request Timeout
2026-06-23 09:09:25 INFO Session Created
2026-06-23 09:10:18 INFO Background Service Running
2026-06-23 09:11:33 WARNING CPU Usage High
2026-06-23 09:12:44 ERROR Database Query Failed
2026-06-23 09:13:55 INFO Cache Cleared
2026-06-23 09:15:08 INFO New User Registered
2026-06-23 09:16:12 WARNING Network Delay Detected
2026-06-23 09:17:20 ERROR Email Notification Failed
2026-06-23 09:18:35 INFO User Logged Out
2026-06-23 09:19:50 INFO System Health Check Passed
2026-06-23 09:20:14 ERROR Unexpected Server Exception
2026-06-23 09:21:22 INFO Application Recovery Started
2026-06-23 09:22:41 WARNING Low Available Storage
2026-06-23 09:23:55 INFO Recovery Completed
2026-06-23 09:24:17 ERROR Backup Process Interrupted
2026-06-23 09:25:48 INFO Daily Report Generated